<?xml version="1.0" encoding="UTF-8"?>
<!-- Generated by org.testng.reporters.JUnitXMLReporter -->
<testsuite hostname="SHMITTAL-W7-4" ignored="1" name="tetNG test" tests="2" failures="0" timestamp="19 May 2018 10:38:55 GMT" time="43.874" errors="0">
  <testcase name="login" time="16.563" classname="functional.IndividualClientCreation"/>
  <testcase name="verifyIndividualAcountCreation" time="14.744" classname="functional.IndividualClientCreation"/>
  <testcase name="verifyLogin" time="0.0" classname="functional.BasicLogin">
    <ignored/>
  </testcase> <!-- verifyLogin -->
</testsuite> <!-- tetNG test -->
