<?xml version="1.0" encoding="UTF-8"?>
<!-- Generated by org.testng.reporters.JUnitReportReporter -->
<testsuite skipped="0" hostname="SHMITTAL-W7-4" name="functional.IndividualClientCreation" tests="2" failures="0" timestamp="19 May 2018 10:38:55 GMT" time="31.307" errors="0">
  <testcase name="verifyIndividualAcountCreation" time="14.744" classname="functional.IndividualClientCreation"/>
  <testcase name="login" time="16.563" classname="functional.IndividualClientCreation"/>
</testsuite> <!-- functional.IndividualClientCreation -->
